d:\documents\visual studio 2013\projects\softrender\softrender\debug\softrender.pch
d:\documents\visual studio 2013\projects\softrender\softrender\debug\vc120.pdb
d:\documents\visual studio 2013\projects\softrender\softrender\debug\vc120.idb
d:\documents\visual studio 2013\projects\softrender\softrender\debug\stdafx.obj
d:\documents\visual studio 2013\projects\softrender\debug\softrender.ilk
d:\documents\visual studio 2013\projects\softrender\debug\softrender.exe
d:\documents\visual studio 2013\projects\softrender\debug\softrender.pdb
d:\documents\visual studio 2013\projects\softrender\softrender\debug\softrender.res
d:\documents\visual studio 2013\projects\softrender\softrender\debug\softrender.tlog\cl.command.1.tlog
d:\documents\visual studio 2013\projects\softrender\softrender\debug\softrender.tlog\cl.read.1.tlog
d:\documents\visual studio 2013\projects\softrender\softrender\debug\softrender.tlog\cl.write.1.tlog
d:\documents\visual studio 2013\projects\softrender\softrender\debug\softrender.tlog\link.10820-cvtres.read.1.tlog
d:\documents\visual studio 2013\projects\softrender\softrender\debug\softrender.tlog\link.10820-cvtres.write.1.tlog
d:\documents\visual studio 2013\projects\softrender\softrender\debug\softrender.tlog\link.10820-rc.read.1.tlog
d:\documents\visual studio 2013\projects\softrender\softrender\debug\softrender.tlog\link.10820-rc.write.1.tlog
d:\documents\visual studio 2013\projects\softrender\softrender\debug\softrender.tlog\link.10820.read.1.tlog
d:\documents\visual studio 2013\projects\softrender\softrender\debug\softrender.tlog\link.10820.write.1.tlog
d:\documents\visual studio 2013\projects\softrender\softrender\debug\softrender.tlog\link.command.1.tlog
d:\documents\visual studio 2013\projects\softrender\softrender\debug\softrender.tlog\link.read.1.tlog
d:\documents\visual studio 2013\projects\softrender\softrender\debug\softrender.tlog\link.write.1.tlog
d:\documents\visual studio 2013\projects\softrender\softrender\debug\softrender.tlog\rc.command.1.tlog
d:\documents\visual studio 2013\projects\softrender\softrender\debug\softrender.tlog\rc.read.1.tlog
d:\documents\visual studio 2013\projects\softrender\softrender\debug\softrender.tlog\rc.write.1.tlog
